src/app/api/manifest/[coach_slug]/route.ts(21,18): error TS2339: Property 'brand_name' does not exist on type 'never'.
src/app/api/manifest/[coach_slug]/route.ts(22,24): error TS2339: Property 'brand_name' does not exist on type 'never'.
src/app/api/manifest/[coach_slug]/route.ts(23,40): error TS2339: Property 'brand_name' does not exist on type 'never'.
src/app/api/manifest/[coach_slug]/route.ts(27,25): error TS2339: Property 'primary_color' does not exist on type 'never'.
src/app/api/manifest/[coach_slug]/route.ts(30,21): error TS2339: Property 'logo_url' does not exist on type 'never'.
src/app/api/manifest/[coach_slug]/route.ts(32,22): error TS2339: Property 'logo_url' does not exist on type 'never'.
src/app/api/manifest/[coach_slug]/route.ts(35,21): error TS2339: Property 'logo_url' does not exist on type 'never'.
src/app/api/manifest/[coach_slug]/route.ts(37,22): error TS2339: Property 'logo_url' does not exist on type 'never'.
src/app/c/[coach_slug]/onboarding/actions.ts(39,10): error TS2769: No overload matches this call.
  Overload 1 of 2, '(values: never, options?: { count?: "exact" | "planned" | "estimated" | undefined; } | undefined): PostgrestFilterBuilder<{ PostgrestVersion: "12"; }, never, never, null, "client_intake", never, "POST">', gave the following error.
    Argument of type '{ client_id: string; weight_kg: number; height_cm: number; goals: string; experience_level: string; injuries: string | null; medical_conditions: string | null; availability: string; }' is not assignable to parameter of type 'never'.
  Overload 2 of 2, '(values: never[], options?: { count?: "exact" | "planned" | "estimated" | undefined; defaultToNull?: boolean | undefined; } | undefined): PostgrestFilterBuilder<{ PostgrestVersion: "12"; }, never, never, null, "client_intake", never, "POST">', gave the following error.
    Object literal may only specify known properties, and 'client_id' does not exist in type 'never[]'.
src/app/c/[coach_slug]/onboarding/actions.ts(61,17): error TS2345: Argument of type '{ onboarding_completed: boolean; }' is not assignable to parameter of type 'never'.
src/app/c/[coach_slug]/onboarding/page.tsx(23,17): error TS2339: Property 'onboarding_completed' does not exist on type 'never'.
src/app/coach/clients/[clientId]/page.tsx(94,66): error TS2339: Property 'weight_kg' does not exist on type 'never'.
src/app/coach/clients/[clientId]/page.tsx(98,66): error TS2339: Property 'height_cm' does not exist on type 'never'.
src/app/coach/clients/[clientId]/page.tsx(102,66): error TS2339: Property 'goals' does not exist on type 'never'.
src/app/coach/clients/[clientId]/page.tsx(106,66): error TS2339: Property 'experience_level' does not exist on type 'never'.
src/app/coach/clients/[clientId]/page.tsx(109,30): error TS2339: Property 'injuries' does not exist on type 'never'.
src/app/coach/clients/[clientId]/page.tsx(109,49): error TS2339: Property 'medical_conditions' does not exist on type 'never'.
src/app/coach/clients/[clientId]/page.tsx(111,37): error TS2339: Property 'injuries' does not exist on type 'never'.
src/app/coach/clients/[clientId]/page.tsx(114,68): error TS2339: Property 'injuries' does not exist on type 'never'.
src/app/coach/clients/[clientId]/page.tsx(117,37): error TS2339: Property 'medical_conditions' does not exist on type 'never'.
src/app/coach/clients/[clientId]/page.tsx(120,68): error TS2339: Property 'medical_conditions' does not exist on type 'never'.
